composeApp/build/intermediates/manifest_merge_blame_file/debug/processDebugMainManifest/manifest-merger-blame-debug-report.txt
1<?xml version="1.0" encoding="utf-8"?>
2<manifest xmlns:android="http://schemas.android.com/apk/res/android"
3    package="com.example.mediaplay.kmp"
4    android:versionCode="1"
5    android:versionName="1.0" >
6
7    <uses-sdk
8        android:minSdkVersion="24"
9        android:targetSdkVersion="34" />
10
11    <uses-permission android:name="android.permission.INTERNET" />
11-->src/androidMain/AndroidManifest.xml:4:5-67
11-->src/androidMain/AndroidManifest.xml:4:22-64
12    <uses-permission android:name="android.permission.ACCESS_NETWORK_STATE" />
12-->src/androidMain/AndroidManifest.xml:5:5-79
12-->src/androidMain/AndroidManifest.xml:5:22-76
13    <uses-permission android:name="android.permission.WAKE_LOCK" />
13-->src/androidMain/AndroidManifest.xml:6:5-68
13-->src/androidMain/AndroidManifest.xml:6:22-65
14    <uses-permission android:name="android.permission.ACCESS_WIFI_STATE" />
14-->src/androidMain/AndroidManifest.xml:7:5-76
14-->src/androidMain/AndroidManifest.xml:7:22-73
15    <uses-permission android:name="android.permission.RECEIVE_BOOT_COMPLETED" />
15-->[com.startapp:inapp-sdk:5.1.0] AndroidManifest.xml:10:5-81
15-->[com.startapp:inapp-sdk:5.1.0] AndroidManifest.xml:10:22-78
16    <uses-permission android:name="com.google.android.finsky.permission.BIND_GET_INSTALL_REFERRER_SERVICE" />
16-->[com.startapp:inapp-sdk:5.1.0] AndroidManifest.xml:11:5-110
16-->[com.startapp:inapp-sdk:5.1.0] AndroidManifest.xml:11:22-107
17    <uses-permission android:name="com.google.android.gms.permission.AD_ID" />
17-->[com.startapp:inapp-sdk:5.1.0] AndroidManifest.xml:12:5-79
17-->[com.startapp:inapp-sdk:5.1.0] AndroidManifest.xml:12:22-76
18    <uses-permission android:name="android.permission.ACCESS_ADSERVICES_TOPICS" />
18-->[com.startapp:inapp-sdk:5.1.0] AndroidManifest.xml:13:5-83
18-->[com.startapp:inapp-sdk:5.1.0] AndroidManifest.xml:13:22-80
19
20    <queries>
20-->[com.startapp:inapp-sdk:5.1.0] AndroidManifest.xml:15:5-19:15
21        <intent>
21-->[com.startapp:inapp-sdk:5.1.0] AndroidManifest.xml:16:9-18:18
22            <action android:name="android.intent.action.MAIN" />
22-->src/androidMain/AndroidManifest.xml:25:17-69
22-->src/androidMain/AndroidManifest.xml:25:25-66
23        </intent>
24    </queries>
25
26    <permission
26-->[androidx.core:core:1.13.1] AndroidManifest.xml:22:5-24:47
27        android:name="com.example.mediaplay.kmp.DYNAMIC_RECEIVER_NOT_EXPORTED_PERMISSION"
27-->[androidx.core:core:1.13.1] AndroidManifest.xml:23:9-81
28        android:protectionLevel="signature" />
28-->[androidx.core:core:1.13.1] AndroidManifest.xml:24:9-44
29
30    <uses-permission android:name="com.example.mediaplay.kmp.DYNAMIC_RECEIVER_NOT_EXPORTED_PERMISSION" />
30-->[androidx.core:core:1.13.1] AndroidManifest.xml:26:5-97
30-->[androidx.core:core:1.13.1] AndroidManifest.xml:26:22-94
31
32    <application
32-->src/androidMain/AndroidManifest.xml:9:5-39:19
33        android:allowBackup="true"
33-->src/androidMain/AndroidManifest.xml:10:9-35
34        android:appComponentFactory="androidx.core.app.CoreComponentFactory"
34-->[androidx.core:core:1.13.1] AndroidManifest.xml:28:18-86
35        android:debuggable="true"
36        android:extractNativeLibs="false"
37        android:hardwareAccelerated="true"
37-->src/androidMain/AndroidManifest.xml:17:9-43
38        android:icon="@mipmap/ic_launcher"
38-->src/androidMain/AndroidManifest.xml:11:9-43
39        android:label="MediaPlay KMP"
39-->src/androidMain/AndroidManifest.xml:12:9-38
40        android:roundIcon="@mipmap/ic_launcher_round"
40-->src/androidMain/AndroidManifest.xml:13:9-54
41        android:supportsRtl="true"
41-->src/androidMain/AndroidManifest.xml:14:9-35
42        android:theme="@android:style/Theme.Material.NoActionBar"
42-->src/androidMain/AndroidManifest.xml:15:9-66
43        android:usesCleartextTraffic="true" >
43-->src/androidMain/AndroidManifest.xml:16:9-44
44        <activity
44-->src/androidMain/AndroidManifest.xml:19:9-28:20
45            android:name="com.example.mediaplay.MainActivity"
45-->src/androidMain/AndroidManifest.xml:20:13-41
46            android:configChanges="orientation|screenSize|screenLayout|smallestScreenSize|density"
46-->src/androidMain/AndroidManifest.xml:21:13-99
47            android:exported="true"
47-->src/androidMain/AndroidManifest.xml:22:13-36
48            android:hardwareAccelerated="true" >
48-->src/androidMain/AndroidManifest.xml:23:13-47
49            <intent-filter>
49-->src/androidMain/AndroidManifest.xml:24:13-27:29
50                <action android:name="android.intent.action.MAIN" />
50-->src/androidMain/AndroidManifest.xml:25:17-69
50-->src/androidMain/AndroidManifest.xml:25:25-66
51
52                <category android:name="android.intent.category.LAUNCHER" />
52-->src/androidMain/AndroidManifest.xml:26:17-77
52-->src/androidMain/AndroidManifest.xml:26:27-74
53            </intent-filter>
54        </activity>
55
56        <!-- Configuração explícita para o SDK da Start.io -->
57        <activity
57-->src/androidMain/AndroidManifest.xml:31:9-33:77
58            android:name="com.startapp.sdk.adsbase.activities.FullScreenActivity"
58-->src/androidMain/AndroidManifest.xml:31:19-88
59            android:configChanges="orientation|keyboardHidden|screenSize"
59-->src/androidMain/AndroidManifest.xml:33:13-74
60            android:theme="@android:style/Theme.Translucent" />
60-->src/androidMain/AndroidManifest.xml:32:13-61
61        <activity
61-->src/androidMain/AndroidManifest.xml:35:9-37:77
62            android:name="com.startapp.sdk.adsbase.activities.OverlayActivity"
62-->src/androidMain/AndroidManifest.xml:35:19-85
63            android:configChanges="orientation|keyboardHidden|screenSize"
63-->src/androidMain/AndroidManifest.xml:37:13-74
64            android:theme="@android:style/Theme.Translucent" />
64-->src/androidMain/AndroidManifest.xml:36:13-61
65
66        <provider
66-->[org.jetbrains.compose.components:components-resources-android:1.7.0] AndroidManifest.xml:8:9-13:20
67            android:name="org.jetbrains.compose.resources.AndroidContextProvider"
67-->[org.jetbrains.compose.components:components-resources-android:1.7.0] AndroidManifest.xml:9:13-82
68            android:authorities="com.example.mediaplay.kmp.resources.AndroidContextProvider"
68-->[org.jetbrains.compose.components:components-resources-android:1.7.0] AndroidManifest.xml:10:13-84
69            android:enabled="true"
69-->[org.jetbrains.compose.components:components-resources-android:1.7.0] AndroidManifest.xml:11:13-35
70            android:exported="false" >
70-->[org.jetbrains.compose.components:components-resources-android:1.7.0] AndroidManifest.xml:12:13-37
71        </provider>
72        <provider
72-->[com.startapp:inapp-sdk:5.1.0] AndroidManifest.xml:22:9-25:40
73            android:name="com.startapp.sdk.adsbase.StartAppInitProvider"
73-->[com.startapp:inapp-sdk:5.1.0] AndroidManifest.xml:23:13-73
74            android:authorities="com.example.mediaplay.kmp.startappinitprovider"
74-->[com.startapp:inapp-sdk:5.1.0] AndroidManifest.xml:24:13-72
75            android:exported="false" />
75-->[com.startapp:inapp-sdk:5.1.0] AndroidManifest.xml:25:13-37
76
77        <activity
77-->[com.startapp:inapp-sdk:5.1.0] AndroidManifest.xml:27:9-30:64
78            android:name="com.startapp.sdk.adsbase.consent.ConsentActivity"
78-->[com.startapp:inapp-sdk:5.1.0] AndroidManifest.xml:28:13-76
79            android:configChanges="orientation|screenSize|screenLayout|keyboardHidden"
79-->[com.startapp:inapp-sdk:5.1.0] AndroidManifest.xml:29:13-87
80            android:theme="@android:style/Theme.Translucent" />
80-->[com.startapp:inapp-sdk:5.1.0] AndroidManifest.xml:30:13-61
81        <activity
81-->[com.startapp:inapp-sdk:5.1.0] AndroidManifest.xml:31:9-33:52
82            android:name="com.startapp.sdk.ads.list3d.List3DActivity"
82-->[com.startapp:inapp-sdk:5.1.0] AndroidManifest.xml:32:13-70
83            android:theme="@android:style/Theme" />
83-->[com.startapp:inapp-sdk:5.1.0] AndroidManifest.xml:33:13-49
84        <activity
84-->[com.startapp:inapp-sdk:5.1.0] AndroidManifest.xml:34:9-37:64
85            android:name="com.startapp.sdk.ads.interstitials.OverlayActivity"
85-->[com.startapp:inapp-sdk:5.1.0] AndroidManifest.xml:35:13-78
86            android:configChanges="orientation|screenSize|screenLayout|keyboardHidden"
86-->[com.startapp:inapp-sdk:5.1.0] AndroidManifest.xml:36:13-87
87            android:theme="@android:style/Theme.Translucent" />
87-->[com.startapp:inapp-sdk:5.1.0] AndroidManifest.xml:37:13-61
88
89        <service android:name="com.startapp.sdk.cachedservice.BackgroundService" />
89-->[com.startapp:inapp-sdk:5.1.0] AndroidManifest.xml:39:9-84
89-->[com.startapp:inapp-sdk:5.1.0] AndroidManifest.xml:39:18-81
90        <service
90-->[com.startapp:inapp-sdk:5.1.0] AndroidManifest.xml:40:9-42:72
91            android:name="com.startapp.sdk.jobs.SchedulerService"
91-->[com.startapp:inapp-sdk:5.1.0] AndroidManifest.xml:41:13-66
92            android:permission="android.permission.BIND_JOB_SERVICE" />
92-->[com.startapp:inapp-sdk:5.1.0] AndroidManifest.xml:42:13-69
93
94        <receiver
94-->[com.startapp:inapp-sdk:5.1.0] AndroidManifest.xml:44:9-50:20
95            android:name="com.startapp.sdk.adsbase.remoteconfig.BootCompleteListener"
95-->[com.startapp:inapp-sdk:5.1.0] AndroidManifest.xml:45:13-86
96            android:exported="true" >
96-->[com.startapp:inapp-sdk:5.1.0] AndroidManifest.xml:46:13-36
97            <intent-filter>
97-->[com.startapp:inapp-sdk:5.1.0] AndroidManifest.xml:47:13-49:29
98                <action android:name="android.intent.action.BOOT_COMPLETED" />
98-->[com.startapp:inapp-sdk:5.1.0] AndroidManifest.xml:48:17-79
98-->[com.startapp:inapp-sdk:5.1.0] AndroidManifest.xml:48:25-76
99            </intent-filter>
100        </receiver>
101
102        <activity
102-->[com.google.android.gms:play-services-base:18.5.0] AndroidManifest.xml:5:9-173
103            android:name="com.google.android.gms.common.api.GoogleApiActivity"
103-->[com.google.android.gms:play-services-base:18.5.0] AndroidManifest.xml:5:19-85
104            android:exported="false"
104-->[com.google.android.gms:play-services-base:18.5.0] AndroidManifest.xml:5:146-170
105            android:theme="@android:style/Theme.Translucent.NoTitleBar" />
105-->[com.google.android.gms:play-services-base:18.5.0] AndroidManifest.xml:5:86-145
106
107        <meta-data
107-->[com.google.android.gms:play-services-basement:18.4.0] AndroidManifest.xml:6:9-122
108            android:name="com.google.android.gms.version"
108-->[com.google.android.gms:play-services-basement:18.4.0] AndroidManifest.xml:6:20-65
109            android:value="@integer/google_play_services_version" />
109-->[com.google.android.gms:play-services-basement:18.4.0] AndroidManifest.xml:6:66-119
110
111        <provider
111-->[androidx.lifecycle:lifecycle-process:2.8.5] AndroidManifest.xml:24:9-32:20
112            android:name="androidx.startup.InitializationProvider"
112-->[androidx.lifecycle:lifecycle-process:2.8.5] AndroidManifest.xml:25:13-67
113            android:authorities="com.example.mediaplay.kmp.androidx-startup"
113-->[androidx.lifecycle:lifecycle-process:2.8.5] AndroidManifest.xml:26:13-68
114            android:exported="false" >
114-->[androidx.lifecycle:lifecycle-process:2.8.5] AndroidManifest.xml:27:13-37
115            <meta-data
115-->[androidx.lifecycle:lifecycle-process:2.8.5] AndroidManifest.xml:29:13-31:52
116                android:name="androidx.lifecycle.ProcessLifecycleInitializer"
116-->[androidx.lifecycle:lifecycle-process:2.8.5] AndroidManifest.xml:30:17-78
117                android:value="androidx.startup" />
117-->[androidx.lifecycle:lifecycle-process:2.8.5] AndroidManifest.xml:31:17-49
118            <meta-data
118-->[androidx.emoji2:emoji2:1.3.0] AndroidManifest.xml:29:13-31:52
119                android:name="androidx.emoji2.text.EmojiCompatInitializer"
119-->[androidx.emoji2:emoji2:1.3.0] AndroidManifest.xml:30:17-75
120                android:value="androidx.startup" />
120-->[androidx.emoji2:emoji2:1.3.0] AndroidManifest.xml:31:17-49
121            <meta-data
121-->[androidx.profileinstaller:profileinstaller:1.3.1] AndroidManifest.xml:29:13-31:52
122                android:name="androidx.profileinstaller.ProfileInstallerInitializer"
122-->[androidx.profileinstaller:profileinstaller:1.3.1] AndroidManifest.xml:30:17-85
123                android:value="androidx.startup" />
123-->[androidx.profileinstaller:profileinstaller:1.3.1] AndroidManifest.xml:31:17-49
124        </provider>
125
126        <service
126-->[androidx.room:room-runtime-android:2.7.0-alpha11] AndroidManifest.xml:24:9-28:63
127            android:name="androidx.room.MultiInstanceInvalidationService"
127-->[androidx.room:room-runtime-android:2.7.0-alpha11] AndroidManifest.xml:25:13-74
128            android:directBootAware="true"
128-->[androidx.room:room-runtime-android:2.7.0-alpha11] AndroidManifest.xml:26:13-43
129            android:exported="false" />
129-->[androidx.room:room-runtime-android:2.7.0-alpha11] AndroidManifest.xml:27:13-37
130
131        <receiver
131-->[androidx.profileinstaller:profileinstaller:1.3.1] AndroidManifest.xml:34:9-52:20
132            android:name="androidx.profileinstaller.ProfileInstallReceiver"
132-->[androidx.profileinstaller:profileinstaller:1.3.1] AndroidManifest.xml:35:13-76
133            android:directBootAware="false"
133-->[androidx.profileinstaller:profileinstaller:1.3.1] AndroidManifest.xml:36:13-44
134            android:enabled="true"
134-->[androidx.profileinstaller:profileinstaller:1.3.1] AndroidManifest.xml:37:13-35
135            android:exported="true"
135-->[androidx.profileinstaller:profileinstaller:1.3.1] AndroidManifest.xml:38:13-36
136            android:permission="android.permission.DUMP" >
136-->[androidx.profileinstaller:profileinstaller:1.3.1] AndroidManifest.xml:39:13-57
137            <intent-filter>
137-->[androidx.profileinstaller:profileinstaller:1.3.1] AndroidManifest.xml:40:13-42:29
138                <action android:name="androidx.profileinstaller.action.INSTALL_PROFILE" />
138-->[androidx.profileinstaller:profileinstaller:1.3.1] AndroidManifest.xml:41:17-91
138-->[androidx.profileinstaller:profileinstaller:1.3.1] AndroidManifest.xml:41:25-88
139            </intent-filter>
140            <intent-filter>
140-->[androidx.profileinstaller:profileinstaller:1.3.1] AndroidManifest.xml:43:13-45:29
141                <action android:name="androidx.profileinstaller.action.SKIP_FILE" />
141-->[androidx.profileinstaller:profileinstaller:1.3.1] AndroidManifest.xml:44:17-85
141-->[androidx.profileinstaller:profileinstaller:1.3.1] AndroidManifest.xml:44:25-82
142            </intent-filter>
143            <intent-filter>
143-->[androidx.profileinstaller:profileinstaller:1.3.1] AndroidManifest.xml:46:13-48:29
144                <action android:name="androidx.profileinstaller.action.SAVE_PROFILE" />
144-->[androidx.profileinstaller:profileinstaller:1.3.1] AndroidManifest.xml:47:17-88
144-->[androidx.profileinstaller:profileinstaller:1.3.1] AndroidManifest.xml:47:25-85
145            </intent-filter>
146            <intent-filter>
146-->[androidx.profileinstaller:profileinstaller:1.3.1] AndroidManifest.xml:49:13-51:29
147                <action android:name="androidx.profileinstaller.action.BENCHMARK_OPERATION" />
147-->[androidx.profileinstaller:profileinstaller:1.3.1] AndroidManifest.xml:50:17-95
147-->[androidx.profileinstaller:profileinstaller:1.3.1] AndroidManifest.xml:50:25-92
148            </intent-filter>
149        </receiver>
150    </application>
151
152</manifest>